[=================f==========================dn=p========================================ic==========]-(     1097900000) 0x00010348.0 -----lw a5, -108(s0)      [   2001139]
[=================f==========================dn=p==========================================ic========]-(     1097900000) 0x0001034c.0 -----c_addiw a5, 0        [   2001140]
[=================f==========================dn=p===========================================ic=======]-(     1097900000) 0x0001034e.0 -----c_addiw a5, 1        [   2001141]
[=================f==========================dn==p===========================================ic======]-(     1097900000) 0x00010350.0 -----c_addiw a5, 0        [   2001142]
[=================f==========================dn===p===========================================i======]-(     1097900000) 0x00010352.0 -----sw a5, -108(s0)      [   2001143]
[=================f==========================dn=====p================================================]-(     1097900000) 0x00010356.0 -----lw a5, -108(s0)      [   2001144]
[=================f==========================dn=====p================================================]-(     1097900000) 0x0001035a.0 -----addiw a4, a5, 0      [   2001145]
[========================f====================dn====ic===============================================]-(     1097900000) 0x0001035e.0 -----addi a5, zero, 99    [   2001146]
[========================f====================dn====p================================================]-(     1097900000) 0x00010362.0 -----bge a5, a4, -26      [   2001147]
[=========================f===================dn=====p===============================================]-(     1097900000) 0x00010348.0 -----lw a5, -108(s0)      [   2001148]
[=========================f===================dn=====p===============================================]-(     1097900000) 0x0001034c.0 -----c_addiw a5, 0        [   2001149]
[=========================f===================dn======p==============================================]-(     1097900000) 0x0001034e.0 -----c_addiw a5, 1        [   2001150]
[=========================f===================dn=======p=============================================]-(     1097900000) 0x00010350.0 -----c_addiw a5, 0        [   2001151]
[=========================f===================dn========p============================================]-(     1097900000) 0x00010352.0 -----sw a5, -108(s0)      [   2001152]
[=========================f===================dn==========p==========================================]-(     1097900000) 0x00010356.0 -----lw a5, -108(s0)      [   2001153]
[=========================f==============================dn=p========================================]-(     1097900000) 0x0001035a.0 -----addiw a4, a5, 0      [   2001154]
[=========================f==============================dn=ic=======================================]-(     1097900000) 0x0001035e.0 -----addi a5, zero, 99    [   2001155]
[==========================f=============================dn=p========================================]-(     1097900000) 0x00010362.0 -----bge a5, a4, -26      [   2001156]
[===========================f============================dn=p========================================]-(     1097900000) 0x00010348.0 -----lw a5, -108(s0)      [   2001157]
[===========================f============================dn=p========================================]-(     1097900000) 0x0001034c.0 -----c_addiw a5, 0        [   2001158]
[===========================f============================dn=p========================================]-(     1097900000) 0x0001034e.0 -----c_addiw a5, 1        [   2001159]
[===========================f============================dn===p======================================]-(     1097900000) 0x00010350.0 -----c_addiw a5, 0        [   2001160]
[===========================f============================dn====p=====================================]-(     1097900000) 0x00010352.0 -----sw a5, -108(s0)      [   2001161]
[==============================f==============================dn=p===================================]-(     1097900000) 0x00010356.0 -----lw a5, -108(s0)      [   2001162]
[==============================f==============================dn=p===================================]-(     1097900000) 0x0001035a.0 -----addiw a4, a5, 0      [   2001163]
[==============================f==============================dn=ic==================================]-(     1097900000) 0x0001035e.0 -----addi a5, zero, 99    [   2001164]
[==============================f==============================dn=p===================================]-(     1097900000) 0x00010362.0 -----bge a5, a4, -26      [   2001165]
[===============================f=============================dn=p===================================]-(     1097900000) 0x00010348.0 -----lw a5, -108(s0)      [   2001166]
[===============================f=============================dn=p===================================]-(     1097900000) 0x0001034c.0 -----c_addiw a5, 0        [   2001167]
[===============================f=============================dn==p==================================]-(     1097900000) 0x0001034e.0 -----c_addiw a5, 1        [   2001168]
[===============================f=============================dn====p================================]-(     1097900000) 0x00010350.0 -----c_addiw a5, 0        [   2001169]
[========================================f=====================dn===p================================]-(     1097900000) 0x00010352.0 -----sw a5, -108(s0)      [   2001170]
[========================================f=====================dn=====p==============================]-(     1097900000) 0x00010356.0 -----lw a5, -108(s0)      [   2001171]
[========================================f=====================dn=====p==============================]-(     1097900000) 0x0001035a.0 -----addiw a4, a5, 0      [   2001172]
[========================================f=====================dn=====ic=============================]-(     1097900000) 0x0001035e.0 -----addi a5, zero, 99    [   2001173]
[========================================f=====================dn=====p==============================]-(     1097900000) 0x00010362.0 -----bge a5, a4, -26      [   2001174]
[=========================================f====================dn======p=============================]-(     1097900000) 0x00010348.0 -----lw a5, -108(s0)      [   2001175]
[=========================================f====================dn======p=============================]-(     1097900000) 0x0001034c.0 -----c_addiw a5, 0        [   2001176]
[=========================================f====================dn=======p============================]-(     1097900000) 0x0001034e.0 -----c_addiw a5, 1        [   2001177]
[=========================================f============================dn=p==========================]-(     1097900000) 0x00010350.0 -----c_addiw a5, 0        [   2001178]
[=========================================f============================dn=p==========================]-(     1097900000) 0x00010352.0 -----sw a5, -108(s0)      [   2001179]
[=========================================f============================dn===p========================]-(     1097900000) 0x00010356.0 -----lw a5, -108(s0)      [   2001180]
[=========================================f============================dn===p========================]-(     1097900000) 0x0001035a.0 -----addiw a4, a5, 0      [   2001181]
[=========================================f============================dn===ic=======================]-(     1097900000) 0x0001035e.0 -----addi a5, zero, 99    [   2001182]
[==========================================f===========================dn===p========================]-(     1097900000) 0x00010362.0 -----bge a5, a4, -26      [   2001183]
[===========================================f==========================dn====p=======================]-(     1097900000) 0x00010348.0 -----lw a5, -108(s0)      [   2001184]
[===========================================f==========================dn====p=======================]-(     1097900000) 0x0001034c.0 -----c_addiw a5, 0        [   2001185]
[===============================================f===========================dn=p=====================]-(     1097900000) 0x0001034e.0 -----c_addiw a5, 1        [   2001186]
[===============================================f===========================dn=p=====================]-(     1097900000) 0x00010350.0 -----c_addiw a5, 0        [   2001187]
[===============================================f===========================dn==p====================]-(     1097900000) 0x00010352.0 -----sw a5, -108(s0)      [   2001188]
[===============================================f===========================dn====p==================]-(     1097900000) 0x00010356.0 -----lw a5, -108(s0)      [   2001189]
[===============================================f===========================dn====p==================]-(     1097900000) 0x0001035a.0 -----addiw a4, a5, 0      [   2001190]
[===============================================f===========================dn====ic=================]-(     1097900000) 0x0001035e.0 -----addi a5, zero, 99    [   2001191]
[===============================================f===========================dn====p==================]-(     1097900000) 0x00010362.0 -----bge a5, a4, -26      [   2001192]
[================================================f==========================dn=====p=================]-(     1097900000) 0x00010348.0 -----lw a5, -108(s0)      [   2001193]
[==========================================================f=================dn====p=================]-(     1097900000) 0x0001034c.0 -----c_addiw a5, 0        [   2001194]
[==========================================================f=================dn=====p================]-(     1097900000) 0x0001034e.0 -----c_addiw a5, 1        [   2001195]
[==========================================================f=================dn======p===============]-(     1097900000) 0x00010350.0 -----c_addiw a5, 0        [   2001196]
[==========================================================f=================dn=======p==============]-(     1097900000) 0x00010352.0 -----sw a5, -108(s0)      [   2001197]
[==========================================================f=================dn=========p============]-(     1097900000) 0x00010356.0 -----lw a5, -108(s0)      [   2001198]
[==========================================================f=================dn=========p============]-(     1097900000) 0x0001035a.0 -----addiw a4, a5, 0      [   2001199]
[==========================================================f=================dn=========ic===========]-(     1097900000) 0x0001035e.0 -----addi a5, zero, 99    [   2001200]
[==========================================================f=================dn=========p============]-(     1097900000) 0x00010362.0 -----bge a5, a4, -26      [   2001201]
[===========================================================f==========================dn=p==========]-(     1097900000) 0x00010348.0 -----lw a5, -108(s0)      [   2001202]
[===========================================================f==========================dn=p==========]-(     1097900000) 0x0001034c.0 -----c_addiw a5, 0        [   2001203]
[===========================================================f==========================dn=p==========]-(     1097900000) 0x0001034e.0 -----c_addiw a5, 1        [   2001204]
[===========================================================f==========================dn==p=========]-(     1097900000) 0x00010350.0 -----c_addiw a5, 0        [   2001205]
[===========================================================f==========================dn===p========]-(     1097900000) 0x00010352.0 -----sw a5, -108(s0)      [   2001206]
[===========================================================f==========================dn=====p======]-(     1097900000) 0x00010356.0 -----lw a5, -108(s0)      [   2001207]
[===========================================================f==========================dn=====p======]-(     1097900000) 0x0001035a.0 -----addiw a4, a5, 0      [   2001208]
[===========================================================f==========================dn=====i======]-(     1097900000) 0x0001035e.0 -----addi a5, zero, 99    [   2001209]
[================================================================f===========================dn======]-(     1097900000) 0x00010362.0 -----bge a5, a4, -26      [   2001210]
[=================================================================f==========================dn======]-(     1097900000) 0x00010348.0 -----lw a5, -108(s0)      [   2001211]
[=================================================================f==========================dn======]-(     1097900000) 0x0001034c.0 -----c_addiw a5, 0        [   2001212]
[=================================================================f==========================dn======]-(     1097900000) 0x0001034e.0 -----c_addiw a5, 1        [   2001213]
[=================================================================f==========================dn======]-(     1097900000) 0x00010350.0 -----c_addiw a5, 0        [   2001214]
[=================================================================f==========================dn======]-(     1097900000) 0x00010352.0 -----sw a5, -108(s0)      [   2001215]
[=================================================================f==========================dn======]-(     1097900000) 0x00010356.0 -----lw a5, -108(s0)      [   2001216]
[=================================================================f==========================dn======]-(     1097900000) 0x0001035a.0 -----addiw a4, a5, 0      [   2001217]
[========================================================================f====================dn=====]-(     1097900000) 0x0001035e.0 -----addi a5, zero, 99    [   2001218]
[========================================================================f====================dn=====]-(     1097900000) 0x00010362.0 -----bge a5, a4, -26      [   2001219]
[=========================================================================f===================dn=====]-(     1097900000) 0x00010348.0 -----lw a5, -108(s0)      [   2001220]
[=========================================================================f===================dn=====]-(     1097900000) 0x0001034c.0 -----c_addiw a5, 0        [   2001221]
[=========================================================================f===================dn=====]-(     1097900000) 0x0001034e.0 -----c_addiw a5, 1        [   2001222]
[=========================================================================f===================dn=====]-(     1097900000) 0x00010350.0 -----c_addiw a5, 0        [   2001223]
[=========================================================================f===================dn=====]-(     1097900000) 0x00010352.0 -----sw a5, -108(s0)      [   2001224]
[=========================================================================f===================dn=====]-(     1097900000) 0x00010356.0 -----lw a5, -108(s0)      [   2001225]
[=========================================================================f==========================]-(     1097900000) 0x0001035a.0 -----addiw a4, a5, 0      [   2001226]
[=========================================================================f==========================]-(     1097900000) 0x0001035e.0 -----addi a5, zero, 99    [   2001227]
[==========================================================================f=========================]-(     1097900000) 0x00010362.0 -----bge a5, a4, -26      [   2001228]
[===========================================================================f========================]-(     1097900000) 0x00010348.0 -----lw a5, -108(s0)      [   2001229]
[===========================================================================f========================]-(     1097900000) 0x0001034c.0 -----c_addiw a5, 0        [   2001230]
[===========================================================================f========================]-(     1097900000) 0x0001034e.0 -----c_addiw a5, 1        [   2001231]
[===========================================================================f========================]-(     1097900000) 0x00010350.0 -----c_addiw a5, 0        [   2001232]
[===========================================================================f========================]-(     1097900000) 0x00010352.0 -----sw a5, -108(s0)      [   2001233]
[==============================================================================f=====================]-(     1097900000) 0x00010356.0 -----lw a5, -108(s0)      [   2001234]
[==============================================================================f=====================]-(     1097900000) 0x0001035a.0 -----addiw a4, a5, 0      [   2001235]
[==============================================================================f=====================]-(     1097900000) 0x0001035e.0 -----addi a5, zero, 99    [   2001236]
[==============================================================================f=====================]-(     1097900000) 0x00010362.0 -----bge a5, a4, -26      [   2001237]
[===============================================================================f====================]-(     1097900000) 0x00010348.0 -----lw a5, -108(s0)      [   2001238]
[===============================================================================f====================]-(     1097900000) 0x0001034c.0 -----c_addiw a5, 0        [   2001239]
[===============================================================================f====================]-(     1097900000) 0x0001034e.0 -----c_addiw a5, 1        [   2001240]
[===============================================================================f====================]-(     1097900000) 0x00010350.0 -----c_addiw a5, 0        [   2001241]
[========================================================================================f===========]-(     1097900000) 0x00010352.0 -----sw a5, -108(s0)      [   2001242]
[========================================================================================f===========]-(     1097900000) 0x00010356.0 -----lw a5, -108(s0)      [   2001243]
[========================================================================================f===========]-(     1097900000) 0x0001035a.0 -----addiw a4, a5, 0      [   2001244]
[========================================================================================f===========]-(     1097900000) 0x0001035e.0 -----addi a5, zero, 99    [   2001245]
[========================================================================================f===========]-(     1097900000) 0x00010362.0 -----bge a5, a4, -26      [   2001246]
[=========================================================================================f==========]-(     1097900000) 0x00010348.0 -----lw a5, -108(s0)      [   2001247]
[=========================================================================================f==========]-(     1097900000) 0x0001034c.0 -----c_addiw a5, 0        [   2001248]
[=========================================================================================f==========]-(     1097900000) 0x0001034e.0 -----c_addiw a5, 1        [   2001249]
[=========================================================================================f==========]-(     1097900000) 0x00010350.0 -----c_addiw a5, 0        [   2001250]
[=========================================================================================f==========]-(     1097900000) 0x00010352.0 -----sw a5, -108(s0)      [   2001251]
[=========================================================================================f==========]-(     1097900000) 0x00010356.0 -----lw a5, -108(s0)      [   2001252]
[=========================================================================================f==========]-(     1097900000) 0x0001035a.0 -----addiw a4, a5, 0      [   2001253]
[=========================================================================================f==========]-(     1097900000) 0x0001035e.0 -----addi a5, zero, 99    [   2001254]
[==========================================================================================f=========]-(     1097900000) 0x00010362.0 -----bge a5, a4, -26      [   2001255]
[===========================================================================================f========]-(     1097900000) 0x00010348.0 -----lw a5, -108(s0)      [   2001256]
[===========================================================================================f========]-(     1097900000) 0x0001034c.0 -----c_addiw a5, 0        [   2001257]